<?xml version="1.0" encoding="UTF-8"?>
<!-- Generated by org.testng.reporters.JUnitReportReporter -->
<testsuite hostname="Sachin-Sharma" failures="0" tests="3" name="com.qa.trcrm.tests.HomePageTest" time="0.149" errors="0" timestamp="2023-10-25T23:55:44 IST" skipped="0">
  <testcase classname="com.qa.trcrm.tests.HomePageTest" name="verifyHomePageTitleTest" time="0.029">
    <system-out>
      <![CDATA[Test cases verifyHomePageTitleTest
status 1]]>
    </system-out>
  </testcase> <!-- verifyHomePageTitleTest -->
  <testcase classname="com.qa.trcrm.tests.HomePageTest" name="verifyHomePageHeaderTest" time="0.084">
    <system-out>
      <![CDATA[Test cases verifyHomePageHeaderTest
status 1]]>
    </system-out>
  </testcase> <!-- verifyHomePageHeaderTest -->
  <testcase classname="com.qa.trcrm.tests.HomePageTest" name="verifyLoggedInUserTest" time="0.036">
    <system-out>
      <![CDATA[Test cases verifyLoggedInUserTest
status 1]]>
    </system-out>
  </testcase> <!-- verifyLoggedInUserTest -->
  <system-out>
    <![CDATA[Test cases verifyLoginPageTitleTest
status 1
Test cases verifySignUpNowLinkTest
Test cases loginTest
status 1
Test cases verifyHomePageTitleTest
status 1
Test cases verifyHomePageHeaderTest
status 1
Test cases verifyLoggedInUserTest
status 1]]>
  </system-out>
</testsuite> <!-- com.qa.trcrm.tests.HomePageTest -->
